0 info it worked if it ends with ok
1 verbose cli [ 'node', '/usr/local/bin/npm', 'start' ]
2 info using npm@2.11.2
3 info using node@v0.10.28
4 verbose node symlink /usr/local/bin/node
5 verbose run-script [ 'prestart', 'start', 'poststart' ]
6 info prestart ho_timing@1.0.0
7 info start ho_timing@1.0.0
8 verbose unsafe-perm in lifecycle true
9 info ho_timing@1.0.0 Failed to exec start script
10 verbose stack Error: ho_timing@1.0.0 start: `node index.js`
10 verbose stack Exit status 8
10 verbose stack     at EventEmitter.<anonymous> (/usr/local/lib/node_modules/npm/lib/utils/lifecycle.js:213:16)
10 verbose stack     at EventEmitter.emit (events.js:98:17)
10 verbose stack     at ChildProcess.<anonymous> (/usr/local/lib/node_modules/npm/lib/utils/spawn.js:24:14)
10 verbose stack     at ChildProcess.EventEmitter.emit (events.js:98:17)
10 verbose stack     at maybeClose (child_process.js:753:16)
10 verbose stack     at Process.ChildProcess._handle.onexit (child_process.js:820:5)
11 verbose pkgid ho_timing@1.0.0
12 verbose cwd /Users/pola/projects/ho_timing
13 error Darwin 14.5.0
14 error argv "node" "/usr/local/bin/npm" "start"
15 error node v0.10.28
16 error npm  v2.11.2
17 error code ELIFECYCLE
18 error ho_timing@1.0.0 start: `node index.js`
18 error Exit status 8
19 error Failed at the ho_timing@1.0.0 start script 'node index.js'.
19 error This is most likely a problem with the ho_timing package,
19 error not with npm itself.
19 error Tell the author that this fails on your system:
19 error     node index.js
19 error You can get their info via:
19 error     npm owner ls ho_timing
19 error There is likely additional logging output above.
20 verbose exit [ 1, true ]
